<?xml version="1.0" encoding="UTF-8"?>
<!-- Generated by org.testng.reporters.JUnitReportReporter -->
<testsuite hostname="DESKTOP-MFKK583" failures="0" tests="1" name="Selenium.Class5" time="20.344" errors="0" timestamp="2024-07-02T23:17:48 IST" skipped="0">
  <testcase classname="Selenium.Class5" name="loginFunctionality" time="20.344"/>
  <system-out/>
</testsuite> <!-- Selenium.Class5 -->
